2025-07-16 08:59:04,015 - backend.api - INFO - Starting AI Search Engine API Server...
2025-07-16 08:59:04,441 - backend.api - INFO - Starting AI Search Engine API Server...
2025-07-16 08:59:04,441 - backend.api - INFO - Starting AI Search Engine API Server...
2025-07-16 08:59:04,441 - backend.api - INFO - Initializing modular search engine...
2025-07-16 08:59:04,441 - backend.api - INFO - Initializing modular search engine...
2025-07-16 08:59:04,441 - performance.Search Engine Initialization - INFO - Starting Search Engine Initialization
2025-07-16 08:59:04,441 - performance.BM25 Index Build - INFO - Starting BM25 Index Build
2025-07-16 08:59:04,441 - backend.search.bm25 - INFO - Building BM25 search index...
2025-07-16 08:59:16,099 - performance.BM25 Index Build - INFO - BM25 Index Build - Processed 500/22833 documents (11.657s elapsed)
2025-07-16 08:59:16,831 - performance.BM25 Index Build - INFO - BM25 Index Build - Processed 1000/22833 documents (12.389s elapsed)
2025-07-16 08:59:18,353 - performance.BM25 Index Build - INFO - BM25 Index Build - Processed 1500/22833 documents (13.911s elapsed)
2025-07-16 08:59:18,943 - performance.BM25 Index Build - INFO - BM25 Index Build - Processed 2000/22833 documents (14.501s elapsed)
2025-07-16 08:59:19,531 - performance.BM25 Index Build - INFO - BM25 Index Build - Processed 2500/22833 documents (15.090s elapsed)
2025-07-16 08:59:20,283 - performance.BM25 Index Build - INFO - BM25 Index Build - Processed 3000/22833 documents (15.842s elapsed)
2025-07-16 08:59:21,244 - performance.BM25 Index Build - INFO - BM25 Index Build - Processed 3500/22833 documents (16.802s elapsed)
2025-07-16 08:59:21,616 - performance.BM25 Index Build - INFO - BM25 Index Build - Processed 4000/22833 documents (17.174s elapsed)
2025-07-16 08:59:22,014 - performance.BM25 Index Build - INFO - BM25 Index Build - Processed 4500/22833 documents (17.573s elapsed)
2025-07-16 08:59:22,494 - performance.BM25 Index Build - INFO - BM25 Index Build - Processed 5000/22833 documents (18.052s elapsed)
2025-07-16 08:59:22,982 - performance.BM25 Index Build - INFO - BM25 Index Build - Processed 5500/22833 documents (18.540s elapsed)
2025-07-16 08:59:23,706 - performance.BM25 Index Build - INFO - BM25 Index Build - Processed 6000/22833 documents (19.264s elapsed)
2025-07-16 08:59:24,620 - performance.BM25 Index Build - INFO - BM25 Index Build - Processed 6500/22833 documents (20.179s elapsed)
2025-07-16 08:59:25,506 - performance.BM25 Index Build - INFO - BM25 Index Build - Processed 7000/22833 documents (21.065s elapsed)
2025-07-16 08:59:26,381 - performance.BM25 Index Build - INFO - BM25 Index Build - Processed 7500/22833 documents (21.940s elapsed)
2025-07-16 08:59:26,956 - performance.BM25 Index Build - INFO - BM25 Index Build - Processed 8000/22833 documents (22.515s elapsed)
2025-07-16 08:59:27,335 - performance.BM25 Index Build - INFO - BM25 Index Build - Processed 8500/22833 documents (22.894s elapsed)
2025-07-16 08:59:27,864 - performance.BM25 Index Build - INFO - BM25 Index Build - Processed 9000/22833 documents (23.423s elapsed)
2025-07-16 08:59:28,240 - performance.BM25 Index Build - INFO - BM25 Index Build - Processed 9500/22833 documents (23.799s elapsed)
2025-07-16 08:59:28,876 - performance.BM25 Index Build - INFO - BM25 Index Build - Processed 10000/22833 documents (24.435s elapsed)
2025-07-16 08:59:29,584 - performance.BM25 Index Build - INFO - BM25 Index Build - Processed 10500/22833 documents (25.142s elapsed)
2025-07-16 08:59:29,959 - performance.BM25 Index Build - INFO - BM25 Index Build - Processed 11000/22833 documents (25.517s elapsed)
2025-07-16 08:59:30,616 - performance.BM25 Index Build - INFO - BM25 Index Build - Processed 11500/22833 documents (26.175s elapsed)
2025-07-16 08:59:31,209 - performance.BM25 Index Build - INFO - BM25 Index Build - Processed 12000/22833 documents (26.767s elapsed)
2025-07-16 08:59:31,680 - performance.BM25 Index Build - INFO - BM25 Index Build - Processed 12500/22833 documents (27.239s elapsed)
2025-07-16 08:59:32,122 - performance.BM25 Index Build - INFO - BM25 Index Build - Processed 13000/22833 documents (27.681s elapsed)
2025-07-16 08:59:32,631 - performance.BM25 Index Build - INFO - BM25 Index Build - Processed 13500/22833 documents (28.190s elapsed)
2025-07-16 08:59:33,264 - performance.BM25 Index Build - INFO - BM25 Index Build - Processed 14000/22833 documents (28.822s elapsed)
2025-07-16 08:59:33,731 - performance.BM25 Index Build - INFO - BM25 Index Build - Processed 14500/22833 documents (29.290s elapsed)
2025-07-16 08:59:34,307 - performance.BM25 Index Build - INFO - BM25 Index Build - Processed 15000/22833 documents (29.865s elapsed)
2025-07-16 08:59:34,973 - performance.BM25 Index Build - INFO - BM25 Index Build - Processed 15500/22833 documents (30.532s elapsed)
2025-07-16 08:59:36,052 - performance.BM25 Index Build - INFO - BM25 Index Build - Processed 16000/22833 documents (31.611s elapsed)
2025-07-16 08:59:36,666 - performance.BM25 Index Build - INFO - BM25 Index Build - Processed 16500/22833 documents (32.225s elapsed)
2025-07-16 08:59:37,321 - performance.BM25 Index Build - INFO - BM25 Index Build - Processed 17000/22833 documents (32.879s elapsed)
2025-07-16 08:59:38,212 - performance.BM25 Index Build - INFO - BM25 Index Build - Processed 17500/22833 documents (33.770s elapsed)
2025-07-16 08:59:39,246 - performance.BM25 Index Build - INFO - BM25 Index Build - Processed 18000/22833 documents (34.805s elapsed)
2025-07-16 08:59:39,935 - performance.BM25 Index Build - INFO - BM25 Index Build - Processed 18500/22833 documents (35.494s elapsed)
2025-07-16 08:59:40,622 - performance.BM25 Index Build - INFO - BM25 Index Build - Processed 19000/22833 documents (36.180s elapsed)
2025-07-16 08:59:41,040 - performance.BM25 Index Build - INFO - BM25 Index Build - Processed 19500/22833 documents (36.599s elapsed)
2025-07-16 08:59:41,897 - performance.BM25 Index Build - INFO - BM25 Index Build - Processed 20000/22833 documents (37.455s elapsed)
2025-07-16 08:59:42,514 - performance.BM25 Index Build - INFO - BM25 Index Build - Processed 20500/22833 documents (38.073s elapsed)
2025-07-16 08:59:43,174 - performance.BM25 Index Build - INFO - BM25 Index Build - Processed 21000/22833 documents (38.733s elapsed)
2025-07-16 08:59:43,925 - performance.BM25 Index Build - INFO - BM25 Index Build - Processed 21500/22833 documents (39.484s elapsed)
2025-07-16 08:59:44,826 - performance.BM25 Index Build - INFO - BM25 Index Build - Processed 22000/22833 documents (40.385s elapsed)
2025-07-16 08:59:45,362 - performance.BM25 Index Build - INFO - BM25 Index Build - Processed 22500/22833 documents (40.921s elapsed)
2025-07-16 08:59:45,853 - backend.search.bm25 - INFO - BM25 index built: 22833 docs, 582713 terms
2025-07-16 08:59:45,853 - performance.BM25 Index Build - INFO - Completed BM25 Index Build in 41.412s
2025-07-16 08:59:56,668 - backend.search.ai_enhancer - INFO - AI Models available: smart_template, transformers
2025-07-16 08:59:56,668 - performance.Search Engine Initialization - INFO - Completed Search Engine Initialization in 52.227s
2025-07-16 08:59:56,669 - backend.search.engine - INFO - Search engine initialized successfully
2025-07-16 08:59:56,669 - backend.api - INFO - Search engine initialized successfully!
2025-07-16 08:59:56,669 - backend.api - INFO - Search engine initialized successfully!
2025-07-16 09:01:22,198 - performance.API Search: machine learning - INFO - Starting API Search: machine learning
2025-07-16 09:01:22,199 - performance.Complete Search: machine learning - INFO - Starting Complete Search: machine learning
2025-07-16 09:01:22,199 - performance.BM25 Search: machine learning - INFO - Starting BM25 Search: machine learning
2025-07-16 09:01:22,207 - performance.BM25 Search: machine learning - INFO - BM25 Search: machine learning - Found 3085 candidate documents (0.008s elapsed)
2025-07-16 09:01:22,290 - performance.BM25 Search: machine learning - INFO - Completed BM25 Search: machine learning in 0.091s
2025-07-16 09:01:22,291 - performance.Complete Search: machine learning - INFO - Complete Search: machine learning - BM25 search completed (0.092s elapsed)
2025-07-16 09:01:22,294 - performance.Complete Search: machine learning - INFO - Complete Search: machine learning - AI summary generated (0.095s elapsed)
2025-07-16 09:01:22,294 - performance.Complete Search: machine learning - INFO - Completed Complete Search: machine learning in 0.095s
2025-07-16 09:01:22,294 - performance.API Search: machine learning - INFO - Completed API Search: machine learning in 0.097s
2025-07-16 09:01:50,604 - backend.api - INFO - Shutting down AI Search Engine API Server...
2025-07-16 09:01:50,604 - backend.api - INFO - Shutting down AI Search Engine API Server...
2025-07-16 11:57:11,740 - backend.api.server - INFO - üöÄ AI Search Engine API starting up...
2025-07-16 11:57:11,741 - backend.api.server - INFO - üìä Backend Port: 8000
2025-07-16 11:57:11,741 - backend.api.server - INFO - üåê Frontend Port: 3000
2025-07-16 11:57:11,741 - backend.api.server - INFO - üîß CORS Origins: ['*']
2025-07-16 11:57:11,749 - performance.Search Index Build - INFO - Starting Search Index Build
2025-07-16 11:57:11,749 - backend.search - INFO - Building search index...
2025-07-16 11:57:11,749 - performance.Database: Get all documents - INFO - Starting Database: Get all documents
2025-07-16 11:57:22,922 - backend.database - INFO - Retrieved 22833 documents
2025-07-16 11:57:22,922 - performance.Database: Get all documents - INFO - Completed Database: Get all documents in 11.173s
2025-07-16 11:59:27,051 - backend.search - INFO - Index built: 22833 documents, 582713 unique terms, avg length: 968.0
2025-07-16 11:59:27,052 - performance.Search Index Build - INFO - Completed Search Index Build in 135.303s
2025-07-16 11:59:27,053 - backend.ai - INFO - OpenAI not installed
2025-07-16 11:59:32,085 - backend.ai - INFO - Transformers models available
2025-07-16 11:59:32,085 - backend.ai - INFO - Ollama models potentially available
2025-07-16 11:59:32,086 - backend.ai - INFO - Available AI models: ['smart_template', 'transformers', 'ollama']
2025-07-16 11:59:32,086 - backend.api.server - INFO - ‚úÖ All services initialized successfully
2025-07-16 12:10:34,898 - backend.api.server - INFO - Request: GET /
2025-07-16 12:10:34,913 - backend.api.server - INFO - Response: 200 in 17.43ms
2025-07-16 12:11:15,002 - backend.api.server - INFO - Request: GET /api/docs
2025-07-16 12:11:15,008 - backend.api.server - INFO - Response: 200 in 6.19ms
2025-07-16 12:11:15,591 - backend.api.server - INFO - Request: GET /api/openapi.json
2025-07-16 12:11:15,660 - backend.api.server - INFO - Response: 200 in 68.82ms
2025-07-16 12:11:43,276 - backend.api.server - INFO - Request: POST /api/search
2025-07-16 12:11:43,408 - backend.search - INFO - Search completed: 'what is machine learning' -> 10 results in 116.11ms
2025-07-16 12:11:43,409 - backend.ai - INFO - Attempting summary with smart_template
2025-07-16 12:11:43,410 - backend.api.routes - INFO - Search API: 'what is machine learning' -> 10 results in 118.6ms
2025-07-16 12:11:43,414 - backend.api.server - INFO - Response: 200 in 138.12ms
2025-07-16 12:12:53,676 - backend.api.server - INFO - Request: GET /api/search
2025-07-16 12:12:53,718 - backend.search - INFO - Search completed: 'what is machine learning' -> 10 results in 21.24ms
2025-07-16 12:12:53,719 - backend.ai - INFO - Attempting summary with smart_template
2025-07-16 12:12:53,720 - backend.api.routes - INFO - Search API: 'what is machine learning' -> 10 results in 22.44ms
2025-07-16 12:12:53,720 - backend.api.server - INFO - Response: 200 in 44.31ms
2025-07-16 12:13:27,715 - backend.api.server - INFO - Request: GET /api/stats
2025-07-16 12:13:39,003 - backend.api.server - INFO - Response: 200 in 11288.29ms
2025-07-16 12:14:10,535 - backend.api.server - INFO - Request: GET /api/config
2025-07-16 12:14:10,535 - backend.api.routes - ERROR - Config API error: name 'AI_SUMMARY_MAX_LENGTH' is not defined
2025-07-16 12:14:10,536 - backend.api.server - WARNING - HTTP Exception: 500 - Failed to get configuration: name 'AI_SUMMARY_MAX_LENGTH' is not defined
2025-07-16 12:14:10,540 - backend.api.server - ERROR - Unexpected error: Object of type datetime is not JSON serializable
2025-07-16 12:14:10,554 - backend.api.server - ERROR - Traceback (most recent call last):
  File "/home/gyashu/projects/mini_search_engine/ai_search/backend/venv/lib/python3.12/site-packages/starlette/middleware/base.py", line 78, in call_next
    message = await recv_stream.receive()
              ^^^^^^^^^^^^^^^^^^^^^^^^^^^
  File "/home/gyashu/projects/mini_search_engine/ai_search/backend/venv/lib/python3.12/site-packages/anyio/streams/memory.py", line 98, in receive
    return self.receive_nowait()
           ^^^^^^^^^^^^^^^^^^^^^
  File "/home/gyashu/projects/mini_search_engine/ai_search/backend/venv/lib/python3.12/site-packages/anyio/streams/memory.py", line 91, in receive_nowait
    raise EndOfStream
anyio.EndOfStream

During handling of the above exception, another exception occurred:

Traceback (most recent call last):
  File "/home/gyashu/projects/mini_search_engine/ai_search/backend/venv/lib/python3.12/site-packages/starlette/middleware/errors.py", line 162, in __call__
    await self.app(scope, receive, _send)
  File "/home/gyashu/projects/mini_search_engine/ai_search/backend/venv/lib/python3.12/site-packages/starlette/middleware/base.py", line 108, in __call__
    response = await self.dispatch_func(request, call_next)
               ^^^^^^^^^^^^^^^^^^^^^^^^^^^^^^^^^^^^^^^^^^^^
  File "/home/gyashu/projects/mini_search_engine/ai_search/backend/api/server.py", line 62, in log_requests
    response = await call_next(request)
               ^^^^^^^^^^^^^^^^^^^^^^^^
  File "/home/gyashu/projects/mini_search_engine/ai_search/backend/venv/lib/python3.12/site-packages/starlette/middleware/base.py", line 84, in call_next
    raise app_exc
  File "/home/gyashu/projects/mini_search_engine/ai_search/backend/venv/lib/python3.12/site-packages/starlette/middleware/base.py", line 70, in coro
    await self.app(scope, receive_or_disconnect, send_no_error)
  File "/home/gyashu/projects/mini_search_engine/ai_search/backend/venv/lib/python3.12/site-packages/starlette/middleware/cors.py", line 83, in __call__
    await self.app(scope, receive, send)
  File "/home/gyashu/projects/mini_search_engine/ai_search/backend/venv/lib/python3.12/site-packages/starlette/middleware/exceptions.py", line 88, in __call__
    response = await handler(request, exc)
               ^^^^^^^^^^^^^^^^^^^^^^^^^^^
  File "/home/gyashu/projects/mini_search_engine/ai_search/backend/api/server.py", line 156, in http_exception_handler
    return JSONResponse(
           ^^^^^^^^^^^^^
  File "/home/gyashu/projects/mini_search_engine/ai_search/backend/venv/lib/python3.12/site-packages/starlette/responses.py", line 196, in __init__
    super().__init__(content, status_code, headers, media_type, background)
  File "/home/gyashu/projects/mini_search_engine/ai_search/backend/venv/lib/python3.12/site-packages/starlette/responses.py", line 55, in __init__
    self.body = self.render(content)
                ^^^^^^^^^^^^^^^^^^^^
  File "/home/gyashu/projects/mini_search_engine/ai_search/backend/venv/lib/python3.12/site-packages/starlette/responses.py", line 199, in render
    return json.dumps(
           ^^^^^^^^^^^
  File "/usr/lib/python3.12/json/__init__.py", line 238, in dumps
    **kw).encode(obj)
          ^^^^^^^^^^^
  File "/usr/lib/python3.12/json/encoder.py", line 200, in encode
    chunks = self.iterencode(o, _one_shot=True)
             ^^^^^^^^^^^^^^^^^^^^^^^^^^^^^^^^^^
  File "/usr/lib/python3.12/json/encoder.py", line 258, in iterencode
    return _iterencode(o, 0)
           ^^^^^^^^^^^^^^^^^
  File "/usr/lib/python3.12/json/encoder.py", line 180, in default
    raise TypeError(f'Object of type {o.__class__.__name__} '
TypeError: Object of type datetime is not JSON serializable

2025-07-16 12:39:35,881 - backend.api.server - INFO - Request: GET /api/health
2025-07-16 12:39:35,950 - backend.api.server - INFO - Request: GET /api/stats
2025-07-16 12:39:36,017 - backend.api.server - INFO - Request: GET /favicon.ico
2025-07-16 12:39:36,153 - backend.api.server - INFO - Request: GET /manifest.json
2025-07-16 12:39:36,504 - backend.search - INFO - Search completed: 'test' -> 1 results in 122.63ms
2025-07-16 12:39:36,508 - backend.ai - INFO - Attempting summary with smart_template
2025-07-16 12:39:36,554 - backend.api.server - INFO - Response: 404 in 536.44ms
2025-07-16 12:39:46,523 - backend.api.server - INFO - Response: 200 in 10676.06ms
2025-07-16 12:39:46,524 - backend.api.server - INFO - Response: 200 in 10574.07ms
2025-07-16 12:39:46,524 - backend.api.server - INFO - Response: 404 in 10370.97ms
2025-07-16 12:39:46,849 - backend.api.server - INFO - Request: GET /api/health
2025-07-16 12:39:46,872 - backend.search - INFO - Search completed: 'test' -> 1 results in 4.34ms
2025-07-16 12:39:46,873 - backend.ai - INFO - Attempting summary with smart_template
2025-07-16 12:39:46,874 - backend.api.server - INFO - Request: GET /api/stats
2025-07-16 12:39:46,874 - backend.api.server - INFO - Response: 200 in 24.85ms
2025-07-16 12:39:56,602 - backend.api.server - INFO - Request: POST /api/search
2025-07-16 12:39:56,603 - backend.api.server - INFO - Response: 200 in 9728.77ms
2025-07-16 12:39:56,689 - backend.search - INFO - Search completed: 'github' -> 10 results in 44.1ms
2025-07-16 12:39:56,691 - backend.ai - INFO - Attempting summary with smart_template
2025-07-16 12:39:56,697 - backend.api.routes - INFO - Search API: 'github' -> 10 results in 51.01ms
2025-07-16 12:39:56,708 - backend.api.server - INFO - Response: 200 in 105.8ms
2025-07-16 12:41:31,131 - backend.api.server - INFO - Request: GET /api/health
2025-07-16 12:41:31,159 - backend.search - INFO - Search completed: 'test' -> 1 results in 14.62ms
2025-07-16 12:41:31,160 - backend.ai - INFO - Attempting summary with smart_template
2025-07-16 12:41:31,161 - backend.api.server - INFO - Response: 200 in 30.33ms
2025-07-16 12:41:31,317 - backend.api.server - INFO - Request: GET /api/stats
2025-07-16 12:41:31,475 - backend.api.server - INFO - Response: 200 in 157.9ms
2025-07-16 12:41:31,483 - backend.api.server - INFO - Request: GET /api/health
2025-07-16 12:41:31,500 - backend.search - INFO - Search completed: 'test' -> 1 results in 13.47ms
2025-07-16 12:41:31,501 - backend.ai - INFO - Attempting summary with smart_template
2025-07-16 12:41:31,501 - backend.api.server - INFO - Response: 200 in 17.64ms
2025-07-16 12:41:31,530 - backend.api.server - INFO - Request: GET /manifest.json
2025-07-16 12:41:31,531 - backend.api.server - INFO - Response: 404 in 0.71ms
2025-07-16 12:41:31,798 - backend.api.server - INFO - Request: GET /api/stats
2025-07-16 12:41:31,870 - backend.api.server - INFO - Response: 200 in 72.86ms
2025-07-16 12:41:35,629 - backend.api.server - INFO - Request: GET /api/health
2025-07-16 12:41:35,630 - backend.api.server - INFO - Request: GET /manifest.json
2025-07-16 12:41:35,630 - backend.api.server - INFO - Response: 404 in 0.51ms
2025-07-16 12:41:35,639 - backend.search - INFO - Search completed: 'test' -> 1 results in 5.95ms
2025-07-16 12:41:35,640 - backend.ai - INFO - Attempting summary with smart_template
2025-07-16 12:41:35,642 - backend.api.server - INFO - Response: 200 in 12.47ms
2025-07-16 12:41:35,741 - backend.api.server - INFO - Request: GET /api/stats
2025-07-16 12:41:35,947 - backend.api.server - INFO - Response: 200 in 206.45ms
2025-07-16 12:41:35,950 - backend.api.server - INFO - Request: GET /api/health
2025-07-16 12:41:35,959 - backend.search - INFO - Search completed: 'test' -> 1 results in 5.91ms
2025-07-16 12:41:35,959 - backend.ai - INFO - Attempting summary with smart_template
2025-07-16 12:41:35,962 - backend.api.server - INFO - Response: 200 in 12.15ms
2025-07-16 12:41:36,252 - backend.api.server - INFO - Request: GET /api/stats
2025-07-16 12:41:36,349 - backend.api.server - INFO - Response: 200 in 96.81ms
2025-07-16 12:41:58,701 - backend.api.server - INFO - Request: GET /api/health
2025-07-16 12:41:58,712 - backend.search - INFO - Search completed: 'test' -> 1 results in 8.02ms
2025-07-16 12:41:58,713 - backend.ai - INFO - Attempting summary with smart_template
2025-07-16 12:41:58,713 - backend.api.server - INFO - Response: 200 in 12.03ms
2025-07-16 12:41:58,796 - backend.api.server - INFO - Request: GET /api/stats
2025-07-16 12:41:58,924 - backend.api.server - INFO - Response: 200 in 128.07ms
2025-07-16 12:41:59,003 - backend.api.server - INFO - Request: GET /manifest.json
2025-07-16 12:41:59,003 - backend.api.server - INFO - Response: 404 in 0.7ms
2025-07-16 12:41:59,024 - backend.api.server - INFO - Request: GET /api/health
2025-07-16 12:41:59,030 - backend.search - INFO - Search completed: 'test' -> 1 results in 3.77ms
2025-07-16 12:41:59,031 - backend.ai - INFO - Attempting summary with smart_template
2025-07-16 12:41:59,032 - backend.api.server - INFO - Response: 200 in 7.24ms
2025-07-16 12:41:59,233 - backend.api.server - INFO - Request: GET /api/stats
2025-07-16 12:41:59,336 - backend.api.server - INFO - Response: 200 in 103.1ms
2025-07-16 12:43:42,978 - backend.api.server - INFO - Request: GET /api/health
2025-07-16 12:43:42,996 - backend.search - INFO - Search completed: 'test' -> 1 results in 9.57ms
2025-07-16 12:43:42,996 - backend.ai - INFO - Attempting summary with smart_template
2025-07-16 12:43:42,997 - backend.api.server - INFO - Response: 200 in 18.34ms
2025-07-16 12:43:43,080 - backend.api.server - INFO - Request: GET /api/stats
2025-07-16 12:43:43,183 - backend.api.server - INFO - Response: 200 in 102.46ms
2025-07-16 12:43:43,279 - backend.api.server - INFO - Request: GET /manifest.json
2025-07-16 12:43:43,280 - backend.api.server - INFO - Response: 404 in 0.75ms
2025-07-16 12:43:43,308 - backend.api.server - INFO - Request: GET /api/health
2025-07-16 12:43:43,314 - backend.search - INFO - Search completed: 'test' -> 1 results in 3.79ms
2025-07-16 12:43:43,315 - backend.ai - INFO - Attempting summary with smart_template
2025-07-16 12:43:43,315 - backend.api.server - INFO - Response: 200 in 6.8ms
2025-07-16 12:43:43,492 - backend.api.server - INFO - Request: GET /api/stats
2025-07-16 12:43:43,577 - backend.api.server - INFO - Response: 200 in 84.66ms
2025-07-16 12:46:14,920 - backend.api.server - INFO - üõë AI Search Engine API shutting down...
2025-07-16 14:51:13,599 - performance.Search Index Build - INFO - Starting Search Index Build
2025-07-16 14:51:13,601 - backend.search - INFO - Building search index...
2025-07-16 14:51:13,601 - performance.Database: Get all documents - INFO - Starting Database: Get all documents
2025-07-16 14:51:24,455 - backend.database - INFO - Retrieved 22833 documents
2025-07-16 14:51:24,456 - performance.Database: Get all documents - INFO - Completed Database: Get all documents in 10.855s
2025-07-16 14:53:26,896 - performance.Search Index Build - INFO - Completed Search Index Build in 133.283s
2025-07-16 18:38:35,578 - backend.api.server - INFO - üöÄ AI Search Engine API starting up...
2025-07-16 18:38:35,580 - backend.api.server - INFO - üìä Backend Port: 8000
2025-07-16 18:38:35,580 - backend.api.server - INFO - üåê Frontend Port: 3000
2025-07-16 18:38:35,580 - backend.api.server - INFO - üîß CORS Origins: ['*']
2025-07-16 18:38:35,589 - performance.Search Index Build - INFO - Starting Search Index Build
2025-07-16 18:38:35,590 - backend.search - INFO - Building search index...
2025-07-16 18:38:35,590 - performance.Database: Get all documents - INFO - Starting Database: Get all documents
2025-07-16 18:38:36,384 - backend.database - INFO - Retrieved 517 documents
2025-07-16 18:38:36,384 - performance.Database: Get all documents - INFO - Completed Database: Get all documents in 0.794s
2025-07-16 18:38:38,020 - backend.search - INFO - Index built: 517 documents, 267944 unique terms, avg length: 2856.4
2025-07-16 18:38:38,021 - performance.Search Index Build - INFO - Completed Search Index Build in 2.431s
2025-07-16 18:38:38,021 - backend.ai - INFO - OpenAI not installed
2025-07-16 18:38:44,171 - backend.ai - INFO - Transformers models available
2025-07-16 18:38:44,172 - backend.ai - INFO - Ollama models potentially available
2025-07-16 18:38:44,172 - backend.ai - INFO - Available AI models: ['smart_template', 'transformers', 'ollama']
2025-07-16 18:38:44,172 - backend.api.server - INFO - ‚úÖ All services initialized successfully
2025-07-16 18:38:51,198 - backend.api.server - INFO - Request: GET /
2025-07-16 18:38:51,198 - backend.api.server - INFO - Response: 200 in 0.75ms
2025-07-16 18:39:13,225 - backend.api.server - INFO - Request: GET /api/docs
2025-07-16 18:39:13,226 - backend.api.server - INFO - Response: 200 in 1.03ms
2025-07-16 18:39:13,500 - backend.api.server - INFO - Request: GET /api/openapi.json
2025-07-16 18:39:13,516 - backend.api.server - INFO - Response: 200 in 15.58ms
2025-07-16 18:43:37,585 - backend.api.server - INFO - üõë AI Search Engine API shutting down...
2025-07-17 08:34:31,471 - backend.api.server - INFO - üöÄ AI Search Engine API starting up...
2025-07-17 08:34:31,474 - backend.api.server - INFO - üìä Backend Port: 8000
2025-07-17 08:34:31,474 - backend.api.server - INFO - üåê Frontend Port: 3000
2025-07-17 08:34:31,474 - backend.api.server - INFO - üîß CORS Origins: ['*']
2025-07-17 08:34:31,481 - performance.Search Index Build - INFO - Starting Search Index Build
2025-07-17 08:34:31,481 - backend.search - INFO - Building search index...
2025-07-17 08:34:31,481 - performance.Database: Get all documents - INFO - Starting Database: Get all documents
2025-07-17 08:34:32,206 - backend.database - INFO - Retrieved 4892 documents
2025-07-17 08:34:32,207 - performance.Database: Get all documents - INFO - Completed Database: Get all documents in 0.725s
2025-07-17 08:34:43,629 - backend.search - INFO - Index built: 4892 documents, 142883 unique terms, avg length: 1035.8
2025-07-17 08:34:43,630 - performance.Search Index Build - INFO - Completed Search Index Build in 12.149s
2025-07-17 08:34:43,631 - backend.ai - INFO - OpenAI not installed
2025-07-17 08:34:51,793 - backend.ai - INFO - Transformers models available
2025-07-17 08:34:51,794 - backend.ai - INFO - Ollama models potentially available
2025-07-17 08:34:51,794 - backend.ai - INFO - Available AI models: ['smart_template', 'transformers', 'ollama']
2025-07-17 08:34:51,794 - backend.api.server - INFO - ‚úÖ All services initialized successfully
2025-07-17 08:37:58,136 - backend.api.server - INFO - Request: GET /
2025-07-17 08:37:58,138 - backend.api.server - INFO - Response: 200 in 2.51ms
2025-07-17 08:38:02,271 - backend.api.server - INFO - Request: GET /api/docs
2025-07-17 08:38:02,273 - backend.api.server - INFO - Response: 200 in 1.85ms
2025-07-17 08:38:02,408 - backend.api.server - INFO - Request: GET /api/openapi.json
2025-07-17 08:38:02,429 - backend.api.server - INFO - Response: 200 in 21.19ms
2025-07-17 08:38:27,271 - backend.api.server - INFO - Request: POST /api/search
2025-07-17 08:38:27,274 - backend.api.routes - ERROR - Search API error: 'EnhancedSearchService' object has no attribute 'MAX_SEARCH_LIMIT'
2025-07-17 08:38:27,275 - backend.api.server - WARNING - HTTP Exception: 500 - Internal server error: 'EnhancedSearchService' object has no attribute 'MAX_SEARCH_LIMIT'
2025-07-17 08:38:27,275 - backend.api.server - ERROR - Unexpected error: Object of type datetime is not JSON serializable
2025-07-17 08:38:27,284 - backend.api.server - ERROR - Traceback (most recent call last):
  File "/home/gyashu/projects/mini_search_engine/ai_search/backend/venv/lib/python3.12/site-packages/anyio/streams/memory.py", line 98, in receive
    return self.receive_nowait()
           ^^^^^^^^^^^^^^^^^^^^^
  File "/home/gyashu/projects/mini_search_engine/ai_search/backend/venv/lib/python3.12/site-packages/anyio/streams/memory.py", line 93, in receive_nowait
    raise WouldBlock
anyio.WouldBlock

During handling of the above exception, another exception occurred:

Traceback (most recent call last):
  File "/home/gyashu/projects/mini_search_engine/ai_search/backend/venv/lib/python3.12/site-packages/starlette/middleware/base.py", line 78, in call_next
    message = await recv_stream.receive()
              ^^^^^^^^^^^^^^^^^^^^^^^^^^^
  File "/home/gyashu/projects/mini_search_engine/ai_search/backend/venv/lib/python3.12/site-packages/anyio/streams/memory.py", line 118, in receive
    raise EndOfStream
anyio.EndOfStream

During handling of the above exception, another exception occurred:

Traceback (most recent call last):
  File "/home/gyashu/projects/mini_search_engine/ai_search/backend/venv/lib/python3.12/site-packages/starlette/middleware/errors.py", line 162, in __call__
    await self.app(scope, receive, _send)
  File "/home/gyashu/projects/mini_search_engine/ai_search/backend/venv/lib/python3.12/site-packages/starlette/middleware/base.py", line 108, in __call__
    response = await self.dispatch_func(request, call_next)
               ^^^^^^^^^^^^^^^^^^^^^^^^^^^^^^^^^^^^^^^^^^^^
  File "/home/gyashu/projects/mini_search_engine/ai_search/backend/api/server.py", line 62, in log_requests
    response = await call_next(request)
               ^^^^^^^^^^^^^^^^^^^^^^^^
  File "/home/gyashu/projects/mini_search_engine/ai_search/backend/venv/lib/python3.12/site-packages/starlette/middleware/base.py", line 84, in call_next
    raise app_exc
  File "/home/gyashu/projects/mini_search_engine/ai_search/backend/venv/lib/python3.12/site-packages/starlette/middleware/base.py", line 70, in coro
    await self.app(scope, receive_or_disconnect, send_no_error)
  File "/home/gyashu/projects/mini_search_engine/ai_search/backend/venv/lib/python3.12/site-packages/starlette/middleware/cors.py", line 91, in __call__
    await self.simple_response(scope, receive, send, request_headers=headers)
  File "/home/gyashu/projects/mini_search_engine/ai_search/backend/venv/lib/python3.12/site-packages/starlette/middleware/cors.py", line 146, in simple_response
    await self.app(scope, receive, send)
  File "/home/gyashu/projects/mini_search_engine/ai_search/backend/venv/lib/python3.12/site-packages/starlette/middleware/exceptions.py", line 88, in __call__
    response = await handler(request, exc)
               ^^^^^^^^^^^^^^^^^^^^^^^^^^^
  File "/home/gyashu/projects/mini_search_engine/ai_search/backend/api/server.py", line 156, in http_exception_handler
    return JSONResponse(
           ^^^^^^^^^^^^^
  File "/home/gyashu/projects/mini_search_engine/ai_search/backend/venv/lib/python3.12/site-packages/starlette/responses.py", line 196, in __init__
    super().__init__(content, status_code, headers, media_type, background)
  File "/home/gyashu/projects/mini_search_engine/ai_search/backend/venv/lib/python3.12/site-packages/starlette/responses.py", line 55, in __init__
    self.body = self.render(content)
                ^^^^^^^^^^^^^^^^^^^^
  File "/home/gyashu/projects/mini_search_engine/ai_search/backend/venv/lib/python3.12/site-packages/starlette/responses.py", line 199, in render
    return json.dumps(
           ^^^^^^^^^^^
  File "/usr/lib/python3.12/json/__init__.py", line 238, in dumps
    **kw).encode(obj)
          ^^^^^^^^^^^
  File "/usr/lib/python3.12/json/encoder.py", line 200, in encode
    chunks = self.iterencode(o, _one_shot=True)
             ^^^^^^^^^^^^^^^^^^^^^^^^^^^^^^^^^^
  File "/usr/lib/python3.12/json/encoder.py", line 258, in iterencode
    return _iterencode(o, 0)
           ^^^^^^^^^^^^^^^^^
  File "/usr/lib/python3.12/json/encoder.py", line 180, in default
    raise TypeError(f'Object of type {o.__class__.__name__} '
TypeError: Object of type datetime is not JSON serializable

2025-07-17 11:38:13,717 - backend.api.server - INFO - üõë AI Search Engine API shutting down...
2025-07-17 11:38:40,947 - backend.api.server - INFO - üöÄ AI Search Engine API starting up...
2025-07-17 11:38:40,947 - backend.api.server - INFO - üìä Backend Port: 8000
2025-07-17 11:38:40,947 - backend.api.server - INFO - üåê Frontend Port: 3000
2025-07-17 11:38:40,947 - backend.api.server - INFO - üîß CORS Origins: ['*']
2025-07-17 11:38:40,976 - performance.Search Index Build - INFO - Starting Search Index Build
2025-07-17 11:38:40,976 - backend.search - INFO - Building search index...
2025-07-17 11:38:40,976 - performance.Database: Get all documents - INFO - Starting Database: Get all documents
2025-07-17 11:38:45,170 - backend.database - INFO - Retrieved 4892 documents
2025-07-17 11:38:45,172 - performance.Database: Get all documents - INFO - Completed Database: Get all documents in 4.196s
2025-07-17 11:39:00,160 - backend.search - INFO - Index built: 4892 documents, 142883 unique terms, avg length: 1035.8
2025-07-17 11:39:00,161 - performance.Search Index Build - INFO - Completed Search Index Build in 19.185s
2025-07-17 11:39:00,162 - backend.ai - INFO - OpenAI not installed
2025-07-17 11:39:09,073 - backend.ai - INFO - Transformers models available
2025-07-17 11:39:09,073 - backend.ai - INFO - Ollama models potentially available
2025-07-17 11:39:09,074 - backend.ai - INFO - Available AI models: ['smart_template', 'transformers', 'ollama']
2025-07-17 11:39:09,074 - backend.api.server - INFO - ‚úÖ All services initialized successfully
2025-07-17 11:39:16,766 - backend.api.server - INFO - Request: POST /api/search
2025-07-17 11:39:16,814 - backend.ai - INFO - Attempting summary with smart_template
2025-07-17 11:39:16,816 - backend.api.routes - INFO - Search API: 'machine learning' -> 10 results in 46.54ms
2025-07-17 11:39:16,818 - backend.api.server - INFO - Response: 200 in 52.03ms
2025-07-17 11:40:11,322 - backend.api.server - INFO - Request: GET /api/health
2025-07-17 11:40:11,325 - backend.api.server - INFO - Request: GET /api/stats
2025-07-17 11:40:11,524 - backend.ai - INFO - Attempting summary with smart_template
2025-07-17 11:40:11,984 - backend.api.server - INFO - Request: GET /manifest.json
2025-07-17 11:40:11,985 - backend.api.server - INFO - Response: 200 in 663.2ms
2025-07-17 11:40:11,985 - backend.api.server - INFO - Response: 200 in 660.19ms
2025-07-17 11:40:11,986 - backend.api.server - INFO - Response: 404 in 2.04ms
2025-07-17 11:40:12,002 - backend.api.server - INFO - Request: GET /api/stats
2025-07-17 11:40:12,002 - backend.api.server - INFO - Request: GET /manifest.json
2025-07-17 11:40:12,003 - backend.api.server - INFO - Response: 404 in 0.45ms
2025-07-17 11:40:12,027 - backend.api.server - INFO - Response: 200 in 25.53ms
2025-07-17 11:40:12,318 - backend.api.server - INFO - Request: GET /api/health
2025-07-17 11:40:12,329 - backend.ai - INFO - Attempting summary with smart_template
2025-07-17 11:40:12,330 - backend.api.server - INFO - Response: 200 in 11.73ms
2025-07-17 11:40:12,364 - backend.api.server - INFO - Request: GET /api/stats
2025-07-17 11:40:12,383 - backend.api.server - INFO - Response: 200 in 19.05ms
2025-07-17 11:40:12,663 - backend.api.server - INFO - Request: GET /api/health
2025-07-17 11:40:12,674 - backend.ai - INFO - Attempting summary with smart_template
2025-07-17 11:40:12,675 - backend.api.server - INFO - Response: 200 in 11.83ms
2025-07-17 11:40:12,711 - backend.api.server - INFO - Request: GET /api/stats
2025-07-17 11:40:12,728 - backend.api.server - INFO - Response: 200 in 16.83ms
2025-07-17 11:40:13,004 - backend.api.server - INFO - Request: GET /api/health
2025-07-17 11:40:13,019 - backend.ai - INFO - Attempting summary with smart_template
2025-07-17 11:40:13,020 - backend.api.server - INFO - Response: 200 in 16.01ms
2025-07-17 11:40:18,813 - backend.api.server - INFO - Request: POST /api/search
2025-07-17 11:40:18,852 - backend.ai - INFO - Attempting summary with smart_template
2025-07-17 11:40:18,852 - backend.api.routes - INFO - Search API: 'machine learning' -> 10 results in 37.55ms
2025-07-17 11:40:18,853 - backend.api.server - INFO - Response: 200 in 39.47ms
2025-07-17 11:41:04,960 - backend.api.server - INFO - Request: POST /api/search
2025-07-17 11:41:04,971 - backend.ai - INFO - Attempting summary with smart_template
2025-07-17 11:41:04,972 - backend.api.routes - INFO - Search API: 'python' -> 10 results in 8.68ms
2025-07-17 11:41:04,972 - backend.api.server - INFO - Response: 200 in 12.14ms
2025-07-17 11:41:08,430 - backend.api.server - INFO - Request: POST /api/search
2025-07-17 11:41:08,434 - backend.ai - INFO - Attempting summary with smart_template
2025-07-17 11:41:08,434 - backend.api.routes - INFO - Search API: 'python' -> 10 results in 2.56ms
2025-07-17 11:41:08,434 - backend.api.server - INFO - Response: 200 in 4.04ms
2025-07-17 11:41:38,867 - backend.api.server - INFO - Request: POST /api/search
2025-07-17 11:41:38,872 - backend.ai - INFO - Attempting summary with smart_template
2025-07-17 11:41:38,873 - backend.api.routes - INFO - Search API: 'python' -> 10 results in 4.03ms
2025-07-17 11:41:38,874 - backend.api.server - INFO - Response: 200 in 6.61ms
2025-07-17 11:42:04,393 - backend.api.server - INFO - Request: POST /api/search
2025-07-17 11:42:04,403 - backend.ai - INFO - Attempting summary with smart_template
2025-07-17 11:42:04,404 - backend.api.routes - INFO - Search API: 'MIT' -> 10 results in 9.61ms
2025-07-17 11:42:04,404 - backend.api.server - INFO - Response: 200 in 11.49ms
2025-07-17 11:42:27,102 - backend.api.server - INFO - Request: POST /api/search
2025-07-17 11:42:27,106 - backend.ai - INFO - Attempting summary with smart_template
2025-07-17 11:42:27,107 - backend.api.routes - INFO - Search API: 'MIT' -> 10 results in 3.22ms
2025-07-17 11:42:27,107 - backend.api.server - INFO - Response: 200 in 5.32ms
2025-07-17 11:43:37,652 - backend.api.server - INFO - Request: GET /api/config
2025-07-17 11:43:37,653 - backend.api.routes - ERROR - Config API error: name 'AI_SUMMARY_MAX_LENGTH' is not defined
2025-07-17 11:43:37,653 - backend.api.server - WARNING - HTTP Exception: 500 - Failed to get configuration: name 'AI_SUMMARY_MAX_LENGTH' is not defined
2025-07-17 11:43:37,656 - backend.api.server - ERROR - Unexpected error: Object of type datetime is not JSON serializable
2025-07-17 11:43:37,666 - backend.api.server - ERROR - Traceback (most recent call last):
  File "/home/gyashu/projects/mini_search_engine/ai_search/backend/venv/lib/python3.12/site-packages/starlette/middleware/base.py", line 78, in call_next
    message = await recv_stream.receive()
              ^^^^^^^^^^^^^^^^^^^^^^^^^^^
  File "/home/gyashu/projects/mini_search_engine/ai_search/backend/venv/lib/python3.12/site-packages/anyio/streams/memory.py", line 98, in receive
    return self.receive_nowait()
           ^^^^^^^^^^^^^^^^^^^^^
  File "/home/gyashu/projects/mini_search_engine/ai_search/backend/venv/lib/python3.12/site-packages/anyio/streams/memory.py", line 91, in receive_nowait
    raise EndOfStream
anyio.EndOfStream

During handling of the above exception, another exception occurred:

Traceback (most recent call last):
  File "/home/gyashu/projects/mini_search_engine/ai_search/backend/venv/lib/python3.12/site-packages/starlette/middleware/errors.py", line 162, in __call__
    await self.app(scope, receive, _send)
  File "/home/gyashu/projects/mini_search_engine/ai_search/backend/venv/lib/python3.12/site-packages/starlette/middleware/base.py", line 108, in __call__
    response = await self.dispatch_func(request, call_next)
               ^^^^^^^^^^^^^^^^^^^^^^^^^^^^^^^^^^^^^^^^^^^^
  File "/home/gyashu/projects/mini_search_engine/ai_search/backend/api/server.py", line 62, in log_requests
    response = await call_next(request)
               ^^^^^^^^^^^^^^^^^^^^^^^^
  File "/home/gyashu/projects/mini_search_engine/ai_search/backend/venv/lib/python3.12/site-packages/starlette/middleware/base.py", line 84, in call_next
    raise app_exc
  File "/home/gyashu/projects/mini_search_engine/ai_search/backend/venv/lib/python3.12/site-packages/starlette/middleware/base.py", line 70, in coro
    await self.app(scope, receive_or_disconnect, send_no_error)
  File "/home/gyashu/projects/mini_search_engine/ai_search/backend/venv/lib/python3.12/site-packages/starlette/middleware/cors.py", line 83, in __call__
    await self.app(scope, receive, send)
  File "/home/gyashu/projects/mini_search_engine/ai_search/backend/venv/lib/python3.12/site-packages/starlette/middleware/exceptions.py", line 88, in __call__
    response = await handler(request, exc)
               ^^^^^^^^^^^^^^^^^^^^^^^^^^^
  File "/home/gyashu/projects/mini_search_engine/ai_search/backend/api/server.py", line 156, in http_exception_handler
    return JSONResponse(
           ^^^^^^^^^^^^^
  File "/home/gyashu/projects/mini_search_engine/ai_search/backend/venv/lib/python3.12/site-packages/starlette/responses.py", line 196, in __init__
    super().__init__(content, status_code, headers, media_type, background)
  File "/home/gyashu/projects/mini_search_engine/ai_search/backend/venv/lib/python3.12/site-packages/starlette/responses.py", line 55, in __init__
    self.body = self.render(content)
                ^^^^^^^^^^^^^^^^^^^^
  File "/home/gyashu/projects/mini_search_engine/ai_search/backend/venv/lib/python3.12/site-packages/starlette/responses.py", line 199, in render
    return json.dumps(
           ^^^^^^^^^^^
  File "/usr/lib/python3.12/json/__init__.py", line 238, in dumps
    **kw).encode(obj)
          ^^^^^^^^^^^
  File "/usr/lib/python3.12/json/encoder.py", line 200, in encode
    chunks = self.iterencode(o, _one_shot=True)
             ^^^^^^^^^^^^^^^^^^^^^^^^^^^^^^^^^^
  File "/usr/lib/python3.12/json/encoder.py", line 258, in iterencode
    return _iterencode(o, 0)
           ^^^^^^^^^^^^^^^^^
  File "/usr/lib/python3.12/json/encoder.py", line 180, in default
    raise TypeError(f'Object of type {o.__class__.__name__} '
TypeError: Object of type datetime is not JSON serializable

2025-07-17 11:45:34,300 - backend.api.server - INFO - Request: GET /api/health
2025-07-17 11:45:34,384 - backend.ai - INFO - Attempting summary with smart_template
2025-07-17 11:45:34,388 - backend.api.server - INFO - Response: 200 in 87.94ms
2025-07-17 11:52:05,139 - backend.api.server - INFO - üõë AI Search Engine API shutting down...
2025-07-17 11:52:09,190 - backend.api.server - INFO - üöÄ AI Search Engine API starting up...
2025-07-17 11:52:09,190 - backend.api.server - INFO - üìä Backend Port: 8000
2025-07-17 11:52:09,191 - backend.api.server - INFO - üåê Frontend Port: 3000
2025-07-17 11:52:09,191 - backend.api.server - INFO - üîß CORS Origins: ['*']
2025-07-17 11:52:09,203 - performance.Search Index Build - INFO - Starting Search Index Build
2025-07-17 11:52:09,203 - backend.search - INFO - Building search index...
2025-07-17 11:52:09,203 - performance.Database: Get all documents - INFO - Starting Database: Get all documents
2025-07-17 11:52:11,245 - backend.database - INFO - Retrieved 4892 documents
2025-07-17 11:52:11,247 - performance.Database: Get all documents - INFO - Completed Database: Get all documents in 2.043s
2025-07-17 11:52:27,255 - backend.search - INFO - Index built: 4892 documents, 142883 unique terms, avg length: 1035.8
2025-07-17 11:52:27,256 - performance.Search Index Build - INFO - Completed Search Index Build in 18.053s
2025-07-17 11:52:27,256 - backend.ai - INFO - OpenAI not installed
2025-07-17 11:52:37,387 - backend.ai - INFO - Transformers models available
2025-07-17 11:52:37,388 - backend.ai - INFO - Ollama models potentially available
2025-07-17 11:52:37,388 - backend.ai - INFO - Available AI models: ['smart_template', 'transformers', 'ollama']
2025-07-17 11:52:37,388 - backend.api.server - INFO - ‚úÖ All services initialized successfully
2025-07-17 11:52:41,431 - backend.api.server - INFO - Request: POST /api/search
2025-07-17 11:52:41,444 - backend.ai - INFO - Attempting summary with smart_template
2025-07-17 11:52:41,445 - backend.api.routes - INFO - Search API: 'MIT' -> 10 results in 9.02ms
2025-07-17 11:52:41,451 - backend.api.server - INFO - Response: 200 in 20.42ms
2025-07-17 11:52:53,513 - backend.api.server - INFO - Request: GET /api/config
2025-07-17 11:52:53,514 - backend.api.routes - ERROR - Config API error: name 'AI_SUMMARY_MAX_LENGTH' is not defined
2025-07-17 11:52:53,514 - backend.api.server - WARNING - HTTP Exception: 500 - Failed to get configuration: name 'AI_SUMMARY_MAX_LENGTH' is not defined
2025-07-17 11:52:53,516 - backend.api.server - INFO - Response: 500 in 3.14ms
2025-07-17 11:54:54,660 - backend.api.server - INFO - üõë AI Search Engine API shutting down...
2025-07-17 11:54:57,827 - backend.api.server - INFO - üöÄ AI Search Engine API starting up...
2025-07-17 11:54:57,828 - backend.api.server - INFO - üìä Backend Port: 8000
2025-07-17 11:54:57,828 - backend.api.server - INFO - üåê Frontend Port: 3000
2025-07-17 11:54:57,828 - backend.api.server - INFO - üîß CORS Origins: ['*']
2025-07-17 11:54:57,854 - performance.Search Index Build - INFO - Starting Search Index Build
2025-07-17 11:54:57,854 - backend.search - INFO - Building search index...
2025-07-17 11:54:57,855 - performance.Database: Get all documents - INFO - Starting Database: Get all documents
2025-07-17 11:54:59,958 - backend.database - INFO - Retrieved 4892 documents
2025-07-17 11:54:59,959 - performance.Database: Get all documents - INFO - Completed Database: Get all documents in 2.104s
2025-07-17 11:55:13,580 - backend.search - INFO - Index built: 4892 documents, 142883 unique terms, avg length: 1035.8
2025-07-17 11:55:13,581 - performance.Search Index Build - INFO - Completed Search Index Build in 15.727s
2025-07-17 11:55:13,582 - backend.ai - INFO - OpenAI not installed
2025-07-17 11:55:17,953 - backend.ai - INFO - Transformers models available
2025-07-17 11:55:17,954 - backend.ai - INFO - Ollama models potentially available
2025-07-17 11:55:17,954 - backend.ai - INFO - Available AI models: ['smart_template', 'transformers', 'ollama']
2025-07-17 11:55:17,954 - backend.api.server - INFO - ‚úÖ All services initialized successfully
2025-07-17 11:55:32,183 - backend.api.server - INFO - Request: GET /api/config
2025-07-17 11:55:32,184 - backend.api.routes - ERROR - Config API error: name 'AI_FALLBACK_ENABLED' is not defined
2025-07-17 11:55:32,184 - backend.api.server - WARNING - HTTP Exception: 500 - Failed to get configuration: name 'AI_FALLBACK_ENABLED' is not defined
2025-07-17 11:55:32,185 - backend.api.server - INFO - Response: 500 in 2.09ms
2025-07-17 11:57:35,034 - backend.api.server - INFO - üõë AI Search Engine API shutting down...
2025-07-17 11:57:37,222 - backend.api.server - INFO - üöÄ AI Search Engine API starting up...
2025-07-17 11:57:37,222 - backend.api.server - INFO - üìä Backend Port: 8000
2025-07-17 11:57:37,222 - backend.api.server - INFO - üåê Frontend Port: 3000
2025-07-17 11:57:37,222 - backend.api.server - INFO - üîß CORS Origins: ['*']
2025-07-17 11:57:37,229 - performance.Search Index Build - INFO - Starting Search Index Build
2025-07-17 11:57:37,229 - backend.search - INFO - Building search index...
2025-07-17 11:57:37,229 - performance.Database: Get all documents - INFO - Starting Database: Get all documents
2025-07-17 11:57:37,527 - backend.database - INFO - Retrieved 4892 documents
2025-07-17 11:57:37,528 - performance.Database: Get all documents - INFO - Completed Database: Get all documents in 0.299s
2025-07-17 11:57:51,772 - backend.search - INFO - Index built: 4892 documents, 142883 unique terms, avg length: 1035.8
2025-07-17 11:57:51,772 - performance.Search Index Build - INFO - Completed Search Index Build in 14.543s
2025-07-17 11:57:51,773 - backend.ai - INFO - OpenAI not installed
2025-07-17 11:57:53,830 - backend.ai - INFO - Transformers models available
2025-07-17 11:57:53,830 - backend.ai - INFO - Ollama models potentially available
2025-07-17 11:57:53,830 - backend.ai - INFO - Available AI models: ['smart_template', 'transformers', 'ollama']
2025-07-17 11:57:53,830 - backend.api.server - INFO - ‚úÖ All services initialized successfully
2025-07-17 11:58:01,151 - backend.api.server - INFO - Request: GET /api/config
2025-07-17 11:58:01,153 - backend.api.server - INFO - Response: 200 in 2.37ms
2025-07-17 11:58:43,037 - backend.api.server - INFO - Request: POST /api/search
2025-07-17 11:58:43,168 - backend.ai - INFO - Attempting summary with smart_template
2025-07-17 11:58:43,168 - backend.api.routes - INFO - Search API: 'how to stay healthy' -> 10 results in 127.85ms
2025-07-17 11:58:43,169 - backend.api.server - INFO - Response: 200 in 132.43ms
2025-07-17 12:05:56,240 - backend.api.server - INFO - üõë AI Search Engine API shutting down...
2025-07-17 12:42:55,423 - backend.api.server - INFO - üöÄ AI Search Engine API starting up...
2025-07-17 12:42:55,424 - backend.api.server - INFO - üìä Backend Port: 8000
2025-07-17 12:42:55,424 - backend.api.server - INFO - üåê Frontend Port: 3000
2025-07-17 12:42:55,424 - backend.api.server - INFO - üîß CORS Origins: ['*']
2025-07-17 12:42:53,799 - performance.Search Index Build - INFO - Starting Search Index Build
2025-07-17 12:42:53,800 - backend.search - INFO - Building search index...
2025-07-17 12:42:53,800 - performance.Database: Get all documents - INFO - Starting Database: Get all documents
2025-07-17 12:42:55,207 - backend.database - INFO - Retrieved 4892 documents
2025-07-17 12:42:55,208 - performance.Database: Get all documents - INFO - Completed Database: Get all documents in 1.408s
2025-07-17 12:43:08,720 - backend.search - INFO - Index built: 4892 documents, 142883 unique terms, avg length: 1035.8
2025-07-17 12:43:08,720 - performance.Search Index Build - INFO - Completed Search Index Build in 14.921s
2025-07-17 12:43:09,470 - backend.ai - INFO - OpenAI GPT models available
2025-07-17 12:43:15,272 - backend.ai - INFO - Transformers models available
2025-07-17 12:43:15,272 - backend.ai - INFO - Ollama models potentially available
2025-07-17 12:43:15,272 - backend.ai - INFO - Available AI models: ['smart_template', 'openai_gpt', 'transformers', 'ollama']
2025-07-17 12:43:15,272 - backend.api.server - INFO - ‚úÖ All services initialized successfully
2025-07-17 12:43:25,470 - backend.api.server - INFO - Request: POST /api/search
2025-07-17 12:43:25,584 - backend.ai - INFO - Attempting summary with openai_gpt
2025-07-17 12:43:32,044 - backend.ai - WARNING - Model openai_gpt failed: Error code: 429 - {'error': {'message': 'You exceeded your current quota, please check your plan and billing details. For more information on this error, read the docs: https://platform.openai.com/docs/guides/error-codes/api-errors.', 'type': 'insufficient_quota', 'param': None, 'code': 'insufficient_quota'}}
2025-07-17 12:43:32,044 - backend.ai - INFO - Attempting summary with ollama
2025-07-17 12:43:32,051 - backend.ai - WARNING - Model ollama failed: HTTPConnectionPool(host='localhost', port=11434): Max retries exceeded with url: /api/generate (Caused by NewConnectionError('<urllib3.connection.HTTPConnection object at 0x7503352d3e90>: Failed to establish a new connection: [Errno 111] Connection refused'))
2025-07-17 12:43:32,051 - backend.ai - INFO - Attempting summary with transformers
2025-07-17 12:48:51,895 - backend.api.routes - INFO - Search API: 'how to stay healthy' -> 10 results in 326418.45ms
2025-07-17 12:48:52,054 - backend.api.server - INFO - Response: 200 in 326583.76ms
2025-07-17 12:49:57,205 - backend.api.server - INFO - Request: POST /api/search
2025-07-17 12:49:58,382 - backend.ai - INFO - Attempting summary with openai_gpt
2025-07-17 12:50:01,913 - backend.ai - WARNING - Model openai_gpt failed: Error code: 429 - {'error': {'message': 'You exceeded your current quota, please check your plan and billing details. For more information on this error, read the docs: https://platform.openai.com/docs/guides/error-codes/api-errors.', 'type': 'insufficient_quota', 'param': None, 'code': 'insufficient_quota'}}
2025-07-17 12:50:01,913 - backend.ai - INFO - Attempting summary with ollama
2025-07-17 12:50:01,948 - backend.ai - WARNING - Model ollama failed: HTTPConnectionPool(host='localhost', port=11434): Max retries exceeded with url: /api/generate (Caused by NewConnectionError('<urllib3.connection.HTTPConnection object at 0x750306ccef30>: Failed to establish a new connection: [Errno 111] Connection refused'))
2025-07-17 12:50:01,949 - backend.ai - INFO - Attempting summary with transformers
2025-07-17 12:52:03,668 - backend.api.server - INFO - üöÄ AI Search Engine API starting up...
2025-07-17 12:52:03,670 - backend.api.server - INFO - üìä Backend Port: 8000
2025-07-17 12:52:03,670 - backend.api.server - INFO - üåê Frontend Port: 3000
2025-07-17 12:52:03,670 - backend.api.server - INFO - üîß CORS Origins: ['*']
2025-07-17 12:52:03,679 - performance.Search Index Build - INFO - Starting Search Index Build
2025-07-17 12:52:03,679 - backend.search - INFO - Building search index...
2025-07-17 12:52:03,679 - performance.Database: Get all documents - INFO - Starting Database: Get all documents
2025-07-17 12:52:04,492 - backend.database - INFO - Retrieved 4892 documents
2025-07-17 12:52:04,493 - performance.Database: Get all documents - INFO - Completed Database: Get all documents in 0.814s
2025-07-17 12:52:15,910 - backend.search - INFO - Index built: 4892 documents, 142883 unique terms, avg length: 1035.8
2025-07-17 12:52:15,911 - performance.Search Index Build - INFO - Completed Search Index Build in 12.232s
2025-07-17 12:52:16,700 - backend.ai - INFO - OpenAI GPT models available
2025-07-17 12:52:23,605 - backend.ai - INFO - Transformers models available
2025-07-17 12:52:23,605 - backend.ai - INFO - Ollama models potentially available
2025-07-17 12:52:23,605 - backend.ai - INFO - Available AI models: ['smart_template', 'openai_gpt', 'transformers', 'ollama']
2025-07-17 12:52:23,605 - backend.api.server - INFO - ‚úÖ All services initialized successfully
2025-07-17 12:52:35,646 - backend.api.server - INFO - Request: POST /api/search
2025-07-17 12:52:35,864 - backend.ai - INFO - Attempting summary with openai_gpt
2025-07-17 12:52:40,702 - backend.ai - WARNING - Model openai_gpt failed: Error code: 429 - {'error': {'message': 'You exceeded your current quota, please check your plan and billing details. For more information on this error, read the docs: https://platform.openai.com/docs/guides/error-codes/api-errors.', 'type': 'insufficient_quota', 'param': None, 'code': 'insufficient_quota'}}
2025-07-17 12:52:40,969 - backend.ai - INFO - Attempting summary with ollama
2025-07-17 12:52:45,620 - backend.ai - WARNING - Model ollama failed: HTTPConnectionPool(host='localhost', port=11434): Max retries exceeded with url: /api/generate (Caused by NewConnectionError('<urllib3.connection.HTTPConnection object at 0x797490f77ec0>: Failed to establish a new connection: [Errno 111] Connection refused'))
2025-07-17 12:52:45,621 - backend.ai - INFO - Attempting summary with transformers
2025-07-17 12:54:05,622 - backend.api.routes - INFO - Search API: 'how to learn machine learnig' -> 10 results in 89966.1ms
2025-07-17 12:54:05,757 - backend.api.server - INFO - Response: 200 in 90110.85ms
2025-07-17 12:54:05,850 - backend.api.server - INFO - üõë AI Search Engine API shutting down...
2025-07-17 14:33:15,332 - backend.api.server - INFO - üöÄ AI Search Engine API starting up...
2025-07-17 14:33:15,334 - backend.api.server - INFO - üìä Backend Port: 8000
2025-07-17 14:33:15,334 - backend.api.server - INFO - üåê Frontend Port: 3000
2025-07-17 14:33:15,334 - backend.api.server - INFO - üîß CORS Origins: ['*']
2025-07-17 14:33:15,343 - performance.Search Index Build - INFO - Starting Search Index Build
2025-07-17 14:33:15,344 - backend.search - INFO - Building search index...
2025-07-17 14:33:15,344 - performance.Database: Get all documents - INFO - Starting Database: Get all documents
2025-07-17 14:33:15,615 - backend.database - INFO - Retrieved 4892 documents
2025-07-17 14:33:15,616 - performance.Database: Get all documents - INFO - Completed Database: Get all documents in 0.272s
2025-07-17 14:33:31,399 - backend.search - INFO - Index built: 4892 documents, 142883 unique terms, avg length: 1035.8
2025-07-17 14:33:31,399 - performance.Search Index Build - INFO - Completed Search Index Build in 16.056s
2025-07-17 14:33:31,400 - backend.api.server - INFO - ‚úÖ All services initialized successfully
2025-07-17 14:33:39,202 - backend.api.server - INFO - Request: POST /api/search
2025-07-17 14:33:39,213 - backend.ai_client - INFO - Calling AI Runner for query: 'python programming'
2025-07-17 14:33:39,218 - backend.ai_client - INFO - AI summary generated using smart_template
2025-07-17 14:33:39,219 - backend.api.routes - INFO - Search API: 'python programming' -> 3 results in 13.85ms
2025-07-17 14:33:39,219 - backend.api.server - INFO - Response: 200 in 17.08ms
2025-07-17 14:35:17,725 - backend.api.server - INFO - Request: GET /api/docs
2025-07-17 14:35:17,727 - backend.api.server - INFO - Response: 200 in 1.32ms
2025-07-17 14:35:18,118 - backend.api.server - INFO - Request: GET /api/openapi.json
2025-07-17 14:35:18,153 - backend.api.server - INFO - Response: 200 in 35.13ms
2025-07-17 14:35:28,157 - backend.api.server - INFO - Request: GET /api/health
2025-07-17 14:35:28,207 - backend.api.server - INFO - Response: 200 in 50.7ms
2025-07-17 14:43:22,848 - backend.api.server - INFO - Request: POST /api/search
2025-07-17 14:43:23,386 - backend.ai_client - INFO - Calling AI Runner for query: 'what is python language'
2025-07-17 14:43:23,474 - backend.ai_client - INFO - AI summary generated using smart_template
2025-07-17 14:43:23,476 - backend.api.routes - INFO - Search API: 'what is python language' -> 10 results in 572.75ms
2025-07-17 14:43:23,482 - backend.api.server - INFO - Response: 200 in 638.55ms
2025-07-17 14:48:10,692 - backend.api.server - INFO - üöÄ AI Search Engine API starting up...
2025-07-17 14:48:10,692 - backend.api.server - INFO - üìä Backend Port: 8000
2025-07-17 14:48:10,692 - backend.api.server - INFO - üåê Frontend Port: 3000
2025-07-17 14:48:10,692 - backend.api.server - INFO - üîß CORS Origins: ['*']
2025-07-17 14:48:10,699 - performance.Search Index Build - INFO - Starting Search Index Build
2025-07-17 14:48:10,699 - backend.search - INFO - Building search index...
2025-07-17 14:48:10,699 - performance.Database: Get all documents - INFO - Starting Database: Get all documents
2025-07-17 14:48:11,372 - backend.database - INFO - Retrieved 4892 documents
2025-07-17 14:48:11,373 - performance.Database: Get all documents - INFO - Completed Database: Get all documents in 0.674s
2025-07-17 14:48:29,195 - backend.search - INFO - Index built: 4892 documents, 142883 unique terms, avg length: 1035.8
2025-07-17 14:48:29,195 - performance.Search Index Build - INFO - Completed Search Index Build in 18.497s
2025-07-17 14:48:29,196 - backend.api.server - INFO - ‚úÖ All services initialized successfully
2025-07-17 14:48:34,544 - backend.api.server - INFO - Request: POST /api/search
2025-07-17 14:48:34,678 - backend.ai_client - INFO - Calling AI Runner for query: 'how to stay healthy'
2025-07-17 14:48:34,696 - backend.ai_client - INFO - AI summary generated using smart_template
2025-07-17 14:48:34,697 - backend.api.routes - INFO - Search API: 'how to stay healthy' -> 10 results in 139.78ms
2025-07-17 14:48:34,699 - backend.api.server - INFO - Response: 200 in 155.37ms
2025-07-17 14:54:08,735 - backend.api.server - INFO - üõë AI Search Engine API shutting down...
2025-07-17 14:54:20,659 - backend.api.server - INFO - üöÄ AI Search Engine API starting up...
2025-07-17 14:54:20,659 - backend.api.server - INFO - üìä Backend Port: 8000
2025-07-17 14:54:20,660 - backend.api.server - INFO - üåê Frontend Port: 3000
2025-07-17 14:54:20,660 - backend.api.server - INFO - üîß CORS Origins: ['*']
2025-07-17 14:54:20,667 - performance.Search Index Build - INFO - Starting Search Index Build
2025-07-17 14:54:20,667 - backend.search - INFO - Building search index...
2025-07-17 14:54:20,667 - performance.Database: Get all documents - INFO - Starting Database: Get all documents
2025-07-17 14:54:21,249 - backend.database - INFO - Retrieved 4892 documents
2025-07-17 14:54:21,249 - performance.Database: Get all documents - INFO - Completed Database: Get all documents in 0.582s
2025-07-17 14:54:38,165 - backend.search - INFO - Index built: 4892 documents, 142883 unique terms, avg length: 1035.8
2025-07-17 14:54:38,166 - performance.Search Index Build - INFO - Completed Search Index Build in 17.499s
2025-07-17 14:54:38,167 - backend.api.server - INFO - ‚úÖ All services initialized successfully
2025-07-17 14:55:49,908 - backend.api.server - INFO - Request: GET /api/stats
2025-07-17 14:55:49,909 - backend.api.server - INFO - Request: GET /api/health
2025-07-17 14:55:50,006 - backend.api.routes - ERROR - Stats API error: 2 validation errors for AIStats
model_preference
  Field required [type=missing, input_value={'available_models': ['sm...vice_status': 'healthy'}, input_type=dict]
    For further information visit https://errors.pydantic.dev/2.5/v/missing
default_model
  Field required [type=missing, input_value={'available_models': ['sm...vice_status': 'healthy'}, input_type=dict]
    For further information visit https://errors.pydantic.dev/2.5/v/missing
2025-07-17 14:55:50,007 - backend.api.server - WARNING - HTTP Exception: 500 - Failed to get statistics: 2 validation errors for AIStats
model_preference
  Field required [type=missing, input_value={'available_models': ['sm...vice_status': 'healthy'}, input_type=dict]
    For further information visit https://errors.pydantic.dev/2.5/v/missing
default_model
  Field required [type=missing, input_value={'available_models': ['sm...vice_status': 'healthy'}, input_type=dict]
    For further information visit https://errors.pydantic.dev/2.5/v/missing
2025-07-17 14:55:50,039 - backend.api.server - INFO - Response: 500 in 131.97ms
2025-07-17 14:55:50,040 - backend.api.server - INFO - Response: 200 in 131.32ms
2025-07-17 14:55:50,100 - backend.api.server - INFO - Request: GET /manifest.json
2025-07-17 14:55:50,100 - backend.api.server - INFO - Response: 404 in 0.53ms
2025-07-17 14:55:50,167 - backend.api.server - INFO - Request: GET /api/stats
2025-07-17 14:55:50,201 - backend.api.routes - ERROR - Stats API error: 2 validation errors for AIStats
model_preference
  Field required [type=missing, input_value={'available_models': ['sm...vice_status': 'healthy'}, input_type=dict]
    For further information visit https://errors.pydantic.dev/2.5/v/missing
default_model
  Field required [type=missing, input_value={'available_models': ['sm...vice_status': 'healthy'}, input_type=dict]
    For further information visit https://errors.pydantic.dev/2.5/v/missing
2025-07-17 14:55:50,201 - backend.api.server - WARNING - HTTP Exception: 500 - Failed to get statistics: 2 validation errors for AIStats
model_preference
  Field required [type=missing, input_value={'available_models': ['sm...vice_status': 'healthy'}, input_type=dict]
    For further information visit https://errors.pydantic.dev/2.5/v/missing
default_model
  Field required [type=missing, input_value={'available_models': ['sm...vice_status': 'healthy'}, input_type=dict]
    For further information visit https://errors.pydantic.dev/2.5/v/missing
2025-07-17 14:55:50,202 - backend.api.server - INFO - Response: 500 in 34.34ms
2025-07-17 14:55:50,379 - backend.api.server - INFO - Request: GET /api/health
2025-07-17 14:55:50,396 - backend.api.server - INFO - Response: 200 in 16.59ms
2025-07-17 14:55:57,015 - backend.api.server - INFO - Request: POST /api/search
2025-07-17 14:55:57,082 - backend.ai_client - INFO - Calling AI Runner for query: 'machine learning'
2025-07-17 14:55:57,094 - backend.ai_client - INFO - AI summary generated using smart_template
2025-07-17 14:55:57,095 - backend.api.routes - INFO - Search API: 'machine learning' -> 10 results in 76.67ms
2025-07-17 14:55:57,096 - backend.api.server - INFO - Response: 200 in 80.29ms
2025-07-17 14:56:25,103 - backend.api.server - INFO - Request: GET /api/health
2025-07-17 14:56:25,104 - backend.api.server - INFO - Request: GET /manifest.json
2025-07-17 14:56:25,105 - backend.api.server - INFO - Response: 404 in 1.15ms
2025-07-17 14:56:25,134 - backend.api.server - INFO - Response: 200 in 31.27ms
2025-07-17 14:56:25,244 - backend.api.server - INFO - Request: GET /api/stats
2025-07-17 14:56:25,294 - backend.api.routes - ERROR - Stats API error: 2 validation errors for AIStats
model_preference
  Field required [type=missing, input_value={'available_models': ['sm...vice_status': 'healthy'}, input_type=dict]
    For further information visit https://errors.pydantic.dev/2.5/v/missing
default_model
  Field required [type=missing, input_value={'available_models': ['sm...vice_status': 'healthy'}, input_type=dict]
    For further information visit https://errors.pydantic.dev/2.5/v/missing
2025-07-17 14:56:25,294 - backend.api.server - WARNING - HTTP Exception: 500 - Failed to get statistics: 2 validation errors for AIStats
model_preference
  Field required [type=missing, input_value={'available_models': ['sm...vice_status': 'healthy'}, input_type=dict]
    For further information visit https://errors.pydantic.dev/2.5/v/missing
default_model
  Field required [type=missing, input_value={'available_models': ['sm...vice_status': 'healthy'}, input_type=dict]
    For further information visit https://errors.pydantic.dev/2.5/v/missing
2025-07-17 14:56:25,295 - backend.api.server - INFO - Response: 500 in 51.05ms
2025-07-17 14:56:25,475 - backend.api.server - INFO - Request: GET /api/health
2025-07-17 14:56:25,502 - backend.api.server - INFO - Response: 200 in 27.34ms
2025-07-17 14:56:25,639 - backend.api.server - INFO - Request: GET /api/stats
2025-07-17 14:56:25,660 - backend.api.routes - ERROR - Stats API error: 2 validation errors for AIStats
model_preference
  Field required [type=missing, input_value={'available_models': ['sm...vice_status': 'healthy'}, input_type=dict]
    For further information visit https://errors.pydantic.dev/2.5/v/missing
default_model
  Field required [type=missing, input_value={'available_models': ['sm...vice_status': 'healthy'}, input_type=dict]
    For further information visit https://errors.pydantic.dev/2.5/v/missing
2025-07-17 14:56:25,660 - backend.api.server - WARNING - HTTP Exception: 500 - Failed to get statistics: 2 validation errors for AIStats
model_preference
  Field required [type=missing, input_value={'available_models': ['sm...vice_status': 'healthy'}, input_type=dict]
    For further information visit https://errors.pydantic.dev/2.5/v/missing
default_model
  Field required [type=missing, input_value={'available_models': ['sm...vice_status': 'healthy'}, input_type=dict]
    For further information visit https://errors.pydantic.dev/2.5/v/missing
2025-07-17 14:56:25,660 - backend.api.server - INFO - Response: 500 in 20.96ms
2025-07-17 17:55:20,379 - backend.api.server - INFO - üöÄ AI Search Engine API starting up...
2025-07-17 17:55:20,381 - backend.api.server - INFO - üìä Backend Port: 8000
2025-07-17 17:55:20,381 - backend.api.server - INFO - üåê Frontend Port: 3000
2025-07-17 17:55:20,381 - backend.api.server - INFO - üîß CORS Origins: ['*']
2025-07-17 17:55:20,389 - performance.Search Index Build - INFO - Starting Search Index Build
2025-07-17 17:55:20,389 - backend.search - INFO - Building search index...
2025-07-17 17:55:20,390 - performance.Database: Get all documents - INFO - Starting Database: Get all documents
2025-07-17 17:55:22,728 - backend.database - INFO - Retrieved 4892 documents
2025-07-17 17:55:22,731 - performance.Database: Get all documents - INFO - Completed Database: Get all documents in 2.340s
2025-07-17 17:55:35,328 - backend.search - INFO - Index built: 4892 documents, 142883 unique terms, avg length: 1035.8
2025-07-17 17:55:35,329 - performance.Search Index Build - INFO - Completed Search Index Build in 14.939s
2025-07-17 17:55:35,329 - backend.api.server - INFO - ‚úÖ All services initialized successfully
2025-07-17 17:55:41,312 - backend.api.server - INFO - Request: GET /
2025-07-17 17:55:41,316 - backend.api.server - INFO - Response: 200 in 3.9ms
2025-07-17 17:55:45,257 - backend.api.server - INFO - Request: GET /api/docs
2025-07-17 17:55:45,259 - backend.api.server - INFO - Response: 200 in 2.2ms
2025-07-17 17:55:45,517 - backend.api.server - INFO - Request: GET /api/openapi.json
2025-07-17 17:55:45,526 - backend.api.server - INFO - Response: 200 in 8.98ms
2025-07-17 17:56:00,550 - backend.api.server - INFO - Request: POST /api/search
2025-07-17 17:56:00,730 - backend.ai_client - INFO - Calling AI Runner for query: 'what is machine learning'
2025-07-17 17:56:03,086 - backend.ai_client - INFO - AI summary generated using smart_template
2025-07-17 17:56:03,087 - backend.api.routes - INFO - Search API: 'what is machine learning' -> 10 results in 2525.73ms
2025-07-17 17:56:03,088 - backend.api.server - INFO - Response: 200 in 2537.88ms
2025-07-17 17:56:56,572 - backend.api.server - INFO - Request: GET /
2025-07-17 17:56:56,574 - backend.api.server - INFO - Response: 200 in 1.59ms
2025-07-17 17:58:32,865 - backend.api.server - INFO - Request: GET /api/config
2025-07-17 17:58:32,869 - backend.api.server - INFO - Response: 200 in 3.79ms
2025-07-17 17:58:44,687 - backend.api.server - INFO - Request: GET /api/stats
2025-07-17 17:58:46,700 - backend.api.server - INFO - Response: 200 in 2012.91ms
2025-07-17 17:59:04,015 - backend.api.server - INFO - Request: GET /api/health
2025-07-17 17:59:04,531 - backend.api.server - INFO - Response: 200 in 516.46ms
2025-07-17 18:04:53,059 - backend.api.server - INFO - Request: POST /api/search
2025-07-17 18:04:53,890 - backend.ai_client - INFO - Calling AI Runner for query: 'what is machine learning'
2025-07-17 18:04:55,975 - backend.ai_client - INFO - AI summary generated using smart_template
2025-07-17 18:04:55,982 - backend.api.routes - INFO - Search API: 'what is machine learning' -> 10 results in 2863.86ms
2025-07-17 18:04:56,010 - backend.api.server - INFO - Response: 200 in 2957.16ms
2025-07-17 18:13:00,459 - backend.api.server - INFO - Request: POST /api/search
2025-07-17 18:13:00,876 - backend.ai_client - INFO - Calling AI Runner for query: 'what is machine learning'
2025-07-17 18:13:14,067 - backend.ai_client - INFO - AI summary generated using google_gemini
2025-07-17 18:13:14,072 - backend.api.routes - INFO - Search API: 'what is machine learning' -> 10 results in 13570.68ms
2025-07-17 18:13:14,200 - backend.api.server - INFO - Response: 200 in 13747.1ms
2025-07-17 18:14:50,744 - backend.api.server - INFO - Request: GET /api/health
2025-07-17 18:14:50,757 - backend.api.server - INFO - Request: GET /api/stats
2025-07-17 18:15:01,747 - backend.ai_client - ERROR - Failed to get AI stats: HTTPConnectionPool(host='127.0.0.1', port=8001): Read timed out. (read timeout=5)
2025-07-17 18:15:01,749 - backend.api.server - INFO - Response: 200 in 11005.67ms
2025-07-17 18:15:01,750 - backend.api.server - INFO - Response: 200 in 10993.93ms
2025-07-17 18:15:01,760 - backend.api.server - INFO - Request: GET /manifest.json
2025-07-17 18:15:01,763 - backend.api.server - INFO - Request: POST /api/search
2025-07-17 18:15:01,782 - backend.api.server - INFO - Response: 404 in 25.78ms
2025-07-17 18:15:01,917 - backend.ai_client - INFO - Calling AI Runner for query: 'what is machine learning'
2025-07-17 18:15:21,083 - backend.ai_client - INFO - AI summary generated using google_gemini
2025-07-17 18:15:21,086 - backend.api.routes - INFO - Search API: 'what is machine learning' -> 10 results in 19293.79ms
2025-07-17 18:15:21,089 - backend.api.server - INFO - Response: 200 in 19325.5ms
2025-07-17 18:15:21,094 - backend.api.server - INFO - Request: GET /api/health
2025-07-17 18:15:21,094 - backend.api.server - INFO - Request: GET /api/stats
2025-07-17 18:15:31,224 - backend.ai_client - ERROR - Failed to get AI stats: HTTPConnectionPool(host='127.0.0.1', port=8001): Read timed out. (read timeout=5)
2025-07-17 18:15:31,225 - backend.api.server - INFO - Response: 200 in 10131.49ms
2025-07-17 18:15:31,226 - backend.api.server - INFO - Response: 200 in 10131.34ms
